<?xml version="1.0" encoding="UTF-8"?>
<!-- Generated by org.testng.reporters.JUnitXMLReporter -->
<testsuite ignored="0" hostname="Prateek" failures="0" tests="3" name="Default test" time="66.138" errors="0" timestamp="2023-05-17T11:33:07 IST">
  <testcase classname="testScripts.PlaceOrderTest" name="addItemsToCartTest" time="17.355"/>
  <testcase classname="testScripts.PlaceOrderTest" name="deleteFromCartTest" time="7.399"/>
  <testcase classname="testScripts.PlaceOrderTest" name="PlacingOrderTest" time="18.239"/>
</testsuite> <!-- Default test -->
