<?xml version="1.0" encoding="UTF-8"?>
<!-- Generated by org.testng.reporters.JUnitXMLReporter -->
<testsuite ignored="0" hostname="Prateek" failures="0" tests="3" name="Default test" time="51.941" errors="0" timestamp="2023-05-17T10:42:44 IST">
  <testcase classname="testScripts.PlaceOrderTest" name="addItemsToCartTest" time="19.222"/>
  <testcase classname="testScripts.PlaceOrderTest" name="deleteFromCartTest" time="7.735"/>
  <testcase classname="testScripts.PlaceOrderTest" name="PlacingOrderTest" time="17.599"/>
</testsuite> <!-- Default test -->
