<?xml version="1.0" encoding="UTF-8"?>
<testng-results ignored="0" total="3" passed="3" failed="0" skipped="0">
  <reporter-output>
  </reporter-output>
  <suite started-at="2023-05-17T11:32:00 IST" name="Default suite" finished-at="2023-05-17T11:33:06 IST" duration-ms="66138">
    <groups>
    </groups>
    <test started-at="2023-05-17T11:32:00 IST" name="Default test" finished-at="2023-05-17T11:33:06 IST" duration-ms="66138">
      <class name="testScripts.PlaceOrderTest">
        <test-method is-config="true" signature="setup()[pri:0, instance:testScripts.PlaceOrderTest@4d5650ae]" started-at="2023-05-17T11:32:00 IST" name="setup" finished-at="2023-05-17T11:32:21 IST" duration-ms="20724" status="PASS">
          <reporter-output>
          </reporter-output>
        </test-method> <!-- setup -->
        <test-method signature="addItemsToCartTest()[pri:1, instance:testScripts.PlaceOrderTest@4d5650ae]" started-at="2023-05-17T11:32:21 IST" name="addItemsToCartTest" finished-at="2023-05-17T11:32:39 IST" duration-ms="17355" status="PASS">
          <reporter-output>
          </reporter-output>
        </test-method> <!-- addItemsToCartTest -->
        <test-method signature="deleteFromCartTest()[pri:2, instance:testScripts.PlaceOrderTest@4d5650ae]" started-at="2023-05-17T11:32:39 IST" name="deleteFromCartTest" finished-at="2023-05-17T11:32:46 IST" duration-ms="7399" status="PASS">
          <reporter-output>
          </reporter-output>
        </test-method> <!-- deleteFromCartTest -->
        <test-method signature="PlacingOrderTest()[pri:3, instance:testScripts.PlaceOrderTest@4d5650ae]" started-at="2023-05-17T11:32:46 IST" name="PlacingOrderTest" finished-at="2023-05-17T11:33:04 IST" duration-ms="18239" status="PASS">
          <reporter-output>
          </reporter-output>
        </test-method> <!-- PlacingOrderTest -->
        <test-method is-config="true" signature="tearDown()[pri:0, instance:testScripts.PlaceOrderTest@4d5650ae]" started-at="2023-05-17T11:33:04 IST" name="tearDown" finished-at="2023-05-17T11:33:06 IST" duration-ms="2212" status="PASS">
          <reporter-output>
          </reporter-output>
        </test-method> <!-- tearDown -->
      </class> <!-- testScripts.PlaceOrderTest -->
    </test> <!-- Default test -->
  </suite> <!-- Default suite -->
</testng-results>
